2020-04-27 23:59:57,918 INFO 6220 [egg-logrotator] app logger reload: got log-reload message
2020-04-28 04:29:56,900 INFO 6220 [-/127.0.0.1/-/5ms SCHEDULE /__schedule?path=C:\Users\zhang\Desktop\egg\node_modules\_egg-multipart@2.10.2@egg-multipart\app\schedule\clean_tmpdir.js&type=worker&cron=0%2030%204%20*%20*%20*&immediate=false] [egg-multipart:CleanTmpdir] start clean tmpdir: "C:\\Users\\zhang\\AppData\\Local\\Temp\\egg-multipart-tmp\\egg"
2020-04-28 04:29:56,907 INFO 6220 [-/127.0.0.1/-/13ms SCHEDULE /__schedule?path=C:\Users\zhang\Desktop\egg\node_modules\_egg-multipart@2.10.2@egg-multipart\app\schedule\clean_tmpdir.js&type=worker&cron=0%2030%204%20*%20*%20*&immediate=false] [egg-multipart:CleanTmpdir] end
2020-04-28 09:10:36,730 ERROR 6220 [-/::1/-/5ms POST /switchStatus] nodejs.Error: Can not auto detect update condition, please set options.where, or make sure obj.id exists
    at RDSClient.proto.update (C:\Users\zhang\Desktop\egg\node_modules\_ali-rds@3.3.0@ali-rds\lib\operator.js:151:13)
    at proto.update.next (<anonymous>)
    at onFulfilled (C:\Users\zhang\Desktop\egg\node_modules\_co@4.6.0@co\index.js:65:19)
    at C:\Users\zhang\Desktop\egg\node_modules\_co@4.6.0@co\index.js:54:5
    at new Promise (<anonymous>)
    at RDSClient.co (C:\Users\zhang\Desktop\egg\node_modules\_co@4.6.0@co\index.js:50:10)
    at RDSClient.createPromise [as update] (C:\Users\zhang\Desktop\egg\node_modules\_co@4.6.0@co\index.js:30:15)
    at todoService.switchStatus (C:\Users\zhang\Desktop\egg\app\service\todo.js:40:41)
    at todoController.switchStatus (C:\Users\zhang\Desktop\egg\app\controller\todo.js:19:43)
    at Object.callFn (C:\Users\zhang\Desktop\egg\node_modules\_egg-core@4.17.4@egg-core\lib\utils\index.js:44:21)
headers: {"Access-Control-Allow-Origin":"*","vary":"Origin"}
pid: 6220
hostname: DESKTOP-1JNFRSL

2020-04-28 09:10:41,521 ERROR 6220 [-/::1/-/0ms POST /switchStatus] nodejs.Error: Can not auto detect update condition, please set options.where, or make sure obj.id exists
    at RDSClient.proto.update (C:\Users\zhang\Desktop\egg\node_modules\_ali-rds@3.3.0@ali-rds\lib\operator.js:151:13)
    at proto.update.next (<anonymous>)
    at onFulfilled (C:\Users\zhang\Desktop\egg\node_modules\_co@4.6.0@co\index.js:65:19)
    at C:\Users\zhang\Desktop\egg\node_modules\_co@4.6.0@co\index.js:54:5
    at new Promise (<anonymous>)
    at RDSClient.co (C:\Users\zhang\Desktop\egg\node_modules\_co@4.6.0@co\index.js:50:10)
    at RDSClient.createPromise [as update] (C:\Users\zhang\Desktop\egg\node_modules\_co@4.6.0@co\index.js:30:15)
    at todoService.switchStatus (C:\Users\zhang\Desktop\egg\app\service\todo.js:40:41)
    at todoController.switchStatus (C:\Users\zhang\Desktop\egg\app\controller\todo.js:19:43)
    at Object.callFn (C:\Users\zhang\Desktop\egg\node_modules\_egg-core@4.17.4@egg-core\lib\utils\index.js:44:21)
headers: {"Access-Control-Allow-Origin":"*","vary":"Origin"}
pid: 6220
hostname: DESKTOP-1JNFRSL

2020-04-28 09:26:11,490 INFO 14104 [egg:logger] init all loggers with options: {"dir":"C:\\Users\\zhang\\Desktop\\egg\\logs\\egg","encoding":"utf8","env":"local","level":"INFO","consoleLevel":"INFO","disableConsoleAfterReady":false,"outputJSON":false,"buffer":true,"appLogName":"egg-web.log","coreLogName":"egg-web.log","agentLogName":"egg-agent.log","errorLogName":"common-error.log","coreLogger":{"consoleLevel":"WARN"},"allowDebugAtProd":false,"type":"application"}
2020-04-28 09:26:11,528 INFO 14104 [egg-multipart] stream mode enable
2020-04-28 09:26:11,530 INFO 14104 [egg-mysql] connecting root@localhost:3306/1112
2020-04-28 09:26:11,796 INFO 14104 [egg-static] starting static serve /public/ -> C:\Users\zhang\Desktop\egg\app\public
2020-04-28 09:26:11,799 INFO 14104 [egg-security] use methodnoallow middleware
2020-04-28 09:26:11,800 INFO 14104 [egg-security] use noopen middleware
2020-04-28 09:26:11,801 INFO 14104 [egg-security] use nosniff middleware
2020-04-28 09:26:11,802 INFO 14104 [egg-security] use xssProtection middleware
2020-04-28 09:26:11,803 INFO 14104 [egg-security] use xframe middleware
2020-04-28 09:26:11,804 INFO 14104 [egg-security] use dta middleware
2020-04-28 09:26:11,804 INFO 14104 [egg-security] compose 6 middlewares into one security middleware
2020-04-28 09:26:11,827 INFO 14104 [egg:core] dump config after load, 11ms
2020-04-28 09:26:11,846 INFO 14104 [egg-watcher:application] watcher start success
2020-04-28 09:26:11,890 INFO 14104 [egg-mysql] instance[0] status OK, rds currentTime: Tue Apr 28 2020 09:26:11 GMT+0800 (GMT+08:00)
2020-04-28 09:26:11,905 INFO 14104 [egg:core] dump config after ready, 12ms
2020-04-28 09:26:16,916 INFO 9912 [egg:logger] init all loggers with options: {"dir":"C:\\Users\\zhang\\Desktop\\egg\\logs\\egg","encoding":"utf8","env":"local","level":"INFO","consoleLevel":"INFO","disableConsoleAfterReady":false,"outputJSON":false,"buffer":true,"appLogName":"egg-web.log","coreLogName":"egg-web.log","agentLogName":"egg-agent.log","errorLogName":"common-error.log","coreLogger":{"consoleLevel":"WARN"},"allowDebugAtProd":false,"type":"application"}
2020-04-28 09:26:16,956 INFO 9912 [egg-multipart] stream mode enable
2020-04-28 09:26:16,958 INFO 9912 [egg-mysql] connecting root@localhost:3306/1112
2020-04-28 09:26:17,196 INFO 9912 [egg-static] starting static serve /public/ -> C:\Users\zhang\Desktop\egg\app\public
2020-04-28 09:26:17,200 INFO 9912 [egg-security] use methodnoallow middleware
2020-04-28 09:26:17,200 INFO 9912 [egg-security] use noopen middleware
2020-04-28 09:26:17,203 INFO 9912 [egg-security] use nosniff middleware
2020-04-28 09:26:17,204 INFO 9912 [egg-security] use xssProtection middleware
2020-04-28 09:26:17,204 INFO 9912 [egg-security] use xframe middleware
2020-04-28 09:26:17,205 INFO 9912 [egg-security] use dta middleware
2020-04-28 09:26:17,205 INFO 9912 [egg-security] compose 6 middlewares into one security middleware
2020-04-28 09:26:17,237 INFO 9912 [egg:core] dump config after load, 13ms
2020-04-28 09:26:17,286 INFO 9912 [egg-watcher:application] watcher start success
2020-04-28 09:26:17,294 INFO 9912 [egg-mysql] instance[0] status OK, rds currentTime: Tue Apr 28 2020 09:26:17 GMT+0800 (GMT+08:00)
2020-04-28 09:26:17,314 INFO 9912 [egg:core] dump config after ready, 17ms
2020-04-28 09:26:44,165 INFO 9104 [egg:logger] init all loggers with options: {"dir":"C:\\Users\\zhang\\Desktop\\egg\\logs\\egg","encoding":"utf8","env":"local","level":"INFO","consoleLevel":"INFO","disableConsoleAfterReady":false,"outputJSON":false,"buffer":true,"appLogName":"egg-web.log","coreLogName":"egg-web.log","agentLogName":"egg-agent.log","errorLogName":"common-error.log","coreLogger":{"consoleLevel":"WARN"},"allowDebugAtProd":false,"type":"application"}
2020-04-28 09:26:44,244 INFO 9104 [egg-multipart] stream mode enable
2020-04-28 09:26:44,247 INFO 9104 [egg-mysql] connecting root@localhost:3306/1112
2020-04-28 09:26:44,498 INFO 9104 [egg-static] starting static serve /public/ -> C:\Users\zhang\Desktop\egg\app\public
2020-04-28 09:26:44,502 INFO 9104 [egg-security] use methodnoallow middleware
2020-04-28 09:26:44,502 INFO 9104 [egg-security] use noopen middleware
2020-04-28 09:26:44,504 INFO 9104 [egg-security] use nosniff middleware
2020-04-28 09:26:44,504 INFO 9104 [egg-security] use xssProtection middleware
2020-04-28 09:26:44,505 INFO 9104 [egg-security] use xframe middleware
2020-04-28 09:26:44,505 INFO 9104 [egg-security] use dta middleware
2020-04-28 09:26:44,506 INFO 9104 [egg-security] compose 6 middlewares into one security middleware
2020-04-28 09:26:44,522 INFO 9104 [egg:core] dump config after load, 7ms
2020-04-28 09:26:44,542 INFO 9104 [egg-watcher:application] watcher start success
2020-04-28 09:26:44,546 INFO 9104 [egg-mysql] instance[0] status OK, rds currentTime: Tue Apr 28 2020 09:26:44 GMT+0800 (GMT+08:00)
2020-04-28 09:26:44,558 INFO 9104 [egg:core] dump config after ready, 10ms
2020-04-28 09:26:46,381 INFO 15816 [egg:logger] init all loggers with options: {"dir":"C:\\Users\\zhang\\Desktop\\egg\\logs\\egg","encoding":"utf8","env":"local","level":"INFO","consoleLevel":"INFO","disableConsoleAfterReady":false,"outputJSON":false,"buffer":true,"appLogName":"egg-web.log","coreLogName":"egg-web.log","agentLogName":"egg-agent.log","errorLogName":"common-error.log","coreLogger":{"consoleLevel":"WARN"},"allowDebugAtProd":false,"type":"application"}
2020-04-28 09:26:46,419 INFO 15816 [egg-multipart] stream mode enable
2020-04-28 09:26:46,421 INFO 15816 [egg-mysql] connecting root@localhost:3306/1112
2020-04-28 09:26:46,636 INFO 15816 [egg-static] starting static serve /public/ -> C:\Users\zhang\Desktop\egg\app\public
2020-04-28 09:26:46,639 INFO 15816 [egg-security] use methodnoallow middleware
2020-04-28 09:26:46,640 INFO 15816 [egg-security] use noopen middleware
2020-04-28 09:26:46,641 INFO 15816 [egg-security] use nosniff middleware
2020-04-28 09:26:46,642 INFO 15816 [egg-security] use xssProtection middleware
2020-04-28 09:26:46,643 INFO 15816 [egg-security] use xframe middleware
2020-04-28 09:26:46,643 INFO 15816 [egg-security] use dta middleware
2020-04-28 09:26:46,643 INFO 15816 [egg-security] compose 6 middlewares into one security middleware
2020-04-28 09:26:46,666 INFO 15816 [egg:core] dump config after load, 9ms
2020-04-28 09:26:46,687 INFO 15816 [egg-watcher:application] watcher start success
2020-04-28 09:26:46,691 INFO 15816 [egg-mysql] instance[0] status OK, rds currentTime: Tue Apr 28 2020 09:26:46 GMT+0800 (GMT+08:00)
2020-04-28 09:26:46,709 INFO 15816 [egg:core] dump config after ready, 15ms
2020-04-28 09:27:04,020 INFO 292 [egg:logger] init all loggers with options: {"dir":"C:\\Users\\zhang\\Desktop\\egg\\logs\\egg","encoding":"utf8","env":"local","level":"INFO","consoleLevel":"INFO","disableConsoleAfterReady":false,"outputJSON":false,"buffer":true,"appLogName":"egg-web.log","coreLogName":"egg-web.log","agentLogName":"egg-agent.log","errorLogName":"common-error.log","coreLogger":{"consoleLevel":"WARN"},"allowDebugAtProd":false,"type":"application"}
2020-04-28 09:27:04,095 INFO 292 [egg-multipart] stream mode enable
2020-04-28 09:27:04,097 INFO 292 [egg-mysql] connecting root@localhost:3306/1112
2020-04-28 09:27:04,386 INFO 292 [egg-static] starting static serve /public/ -> C:\Users\zhang\Desktop\egg\app\public
2020-04-28 09:27:04,394 INFO 292 [egg-security] use methodnoallow middleware
2020-04-28 09:27:04,396 INFO 292 [egg-security] use noopen middleware
2020-04-28 09:27:04,399 INFO 292 [egg-security] use nosniff middleware
2020-04-28 09:27:04,400 INFO 292 [egg-security] use xssProtection middleware
2020-04-28 09:27:04,401 INFO 292 [egg-security] use xframe middleware
2020-04-28 09:27:04,402 INFO 292 [egg-security] use dta middleware
2020-04-28 09:27:04,403 INFO 292 [egg-security] compose 6 middlewares into one security middleware
2020-04-28 09:27:04,435 INFO 292 [egg:core] dump config after load, 15ms
2020-04-28 09:27:04,462 INFO 292 [egg-watcher:application] watcher start success
2020-04-28 09:27:04,469 INFO 292 [egg-mysql] instance[0] status OK, rds currentTime: Tue Apr 28 2020 09:27:04 GMT+0800 (GMT+08:00)
2020-04-28 09:27:04,488 INFO 292 [egg:core] dump config after ready, 16ms
