2020-04-28 04:29:56,905 INFO 11180 [Timer] C:\Users\zhang\Desktop\egg\node_modules\_egg-multipart@2.10.2@egg-multipart\app\schedule\clean_tmpdir.js next time will execute after 86403109ms at 2020-04-29 04:30:00.014
2020-04-28 04:29:56,893 INFO 6220 [Job#1588019396891704471937200001] C:\Users\zhang\Desktop\egg\node_modules\_egg-multipart@2.10.2@egg-multipart\app\schedule\clean_tmpdir.js executing by app
2020-04-28 04:29:56,907 INFO 6220 [Job#1588019396891704471937200001] C:\Users\zhang\Desktop\egg\node_modules\_egg-multipart@2.10.2@egg-multipart\app\schedule\clean_tmpdir.js execute succeed, used 13ms
2020-04-28 09:26:11,527 INFO 14104 [egg-schedule]: register schedule C:\Users\zhang\Desktop\egg\node_modules\_egg-multipart@2.10.2@egg-multipart\app\schedule\clean_tmpdir.js
2020-04-28 09:26:11,527 INFO 14104 [egg-schedule]: register schedule C:\Users\zhang\Desktop\egg\node_modules\_egg-logrotator@3.1.0@egg-logrotator\app\schedule\clean_log.js
2020-04-28 09:26:11,528 INFO 14104 [egg-schedule]: register schedule C:\Users\zhang\Desktop\egg\node_modules\_egg-logrotator@3.1.0@egg-logrotator\app\schedule\rotate_by_file.js
2020-04-28 09:26:16,955 INFO 9912 [egg-schedule]: register schedule C:\Users\zhang\Desktop\egg\node_modules\_egg-multipart@2.10.2@egg-multipart\app\schedule\clean_tmpdir.js
2020-04-28 09:26:16,955 INFO 9912 [egg-schedule]: register schedule C:\Users\zhang\Desktop\egg\node_modules\_egg-logrotator@3.1.0@egg-logrotator\app\schedule\clean_log.js
2020-04-28 09:26:16,955 INFO 9912 [egg-schedule]: register schedule C:\Users\zhang\Desktop\egg\node_modules\_egg-logrotator@3.1.0@egg-logrotator\app\schedule\rotate_by_file.js
2020-04-28 09:26:44,244 INFO 9104 [egg-schedule]: register schedule C:\Users\zhang\Desktop\egg\node_modules\_egg-multipart@2.10.2@egg-multipart\app\schedule\clean_tmpdir.js
2020-04-28 09:26:44,244 INFO 9104 [egg-schedule]: register schedule C:\Users\zhang\Desktop\egg\node_modules\_egg-logrotator@3.1.0@egg-logrotator\app\schedule\clean_log.js
2020-04-28 09:26:44,244 INFO 9104 [egg-schedule]: register schedule C:\Users\zhang\Desktop\egg\node_modules\_egg-logrotator@3.1.0@egg-logrotator\app\schedule\rotate_by_file.js
2020-04-28 09:26:46,418 INFO 15816 [egg-schedule]: register schedule C:\Users\zhang\Desktop\egg\node_modules\_egg-multipart@2.10.2@egg-multipart\app\schedule\clean_tmpdir.js
2020-04-28 09:26:46,418 INFO 15816 [egg-schedule]: register schedule C:\Users\zhang\Desktop\egg\node_modules\_egg-logrotator@3.1.0@egg-logrotator\app\schedule\clean_log.js
2020-04-28 09:26:46,418 INFO 15816 [egg-schedule]: register schedule C:\Users\zhang\Desktop\egg\node_modules\_egg-logrotator@3.1.0@egg-logrotator\app\schedule\rotate_by_file.js
2020-04-28 09:27:04,094 INFO 292 [egg-schedule]: register schedule C:\Users\zhang\Desktop\egg\node_modules\_egg-multipart@2.10.2@egg-multipart\app\schedule\clean_tmpdir.js
2020-04-28 09:27:04,094 INFO 292 [egg-schedule]: register schedule C:\Users\zhang\Desktop\egg\node_modules\_egg-logrotator@3.1.0@egg-logrotator\app\schedule\clean_log.js
2020-04-28 09:27:04,094 INFO 292 [egg-schedule]: register schedule C:\Users\zhang\Desktop\egg\node_modules\_egg-logrotator@3.1.0@egg-logrotator\app\schedule\rotate_by_file.js
2020-04-28 09:27:11,509 INFO 2888 [egg-schedule]: register schedule C:\Users\zhang\Desktop\egg\node_modules\_egg-multipart@2.10.2@egg-multipart\app\schedule\clean_tmpdir.js
2020-04-28 09:27:11,510 INFO 2888 [egg-schedule]: register schedule C:\Users\zhang\Desktop\egg\node_modules\_egg-logrotator@3.1.0@egg-logrotator\app\schedule\clean_log.js
2020-04-28 09:27:11,510 INFO 2888 [egg-schedule]: register schedule C:\Users\zhang\Desktop\egg\node_modules\_egg-logrotator@3.1.0@egg-logrotator\app\schedule\rotate_by_file.js
2020-04-28 10:15:27,161 INFO 19036 [egg-schedule]: register schedule C:\Users\zhang\Desktop\egg\node_modules\_egg-multipart@2.10.2@egg-multipart\app\schedule\clean_tmpdir.js
2020-04-28 10:15:27,161 INFO 19036 [egg-schedule]: register schedule C:\Users\zhang\Desktop\egg\node_modules\_egg-logrotator@3.1.0@egg-logrotator\app\schedule\clean_log.js
2020-04-28 10:15:27,161 INFO 19036 [egg-schedule]: register schedule C:\Users\zhang\Desktop\egg\node_modules\_egg-logrotator@3.1.0@egg-logrotator\app\schedule\rotate_by_file.js
2020-04-28 10:15:29,831 INFO 8024 [egg-schedule]: register schedule C:\Users\zhang\Desktop\egg\node_modules\_egg-multipart@2.10.2@egg-multipart\app\schedule\clean_tmpdir.js
2020-04-28 10:15:29,831 INFO 8024 [egg-schedule]: register schedule C:\Users\zhang\Desktop\egg\node_modules\_egg-logrotator@3.1.0@egg-logrotator\app\schedule\clean_log.js
2020-04-28 10:15:29,831 INFO 8024 [egg-schedule]: register schedule C:\Users\zhang\Desktop\egg\node_modules\_egg-logrotator@3.1.0@egg-logrotator\app\schedule\rotate_by_file.js
2020-04-28 11:00:12,988 INFO 19248 [egg-schedule]: register schedule C:\Users\zhang\Desktop\egg\node_modules\_egg-multipart@2.10.2@egg-multipart\app\schedule\clean_tmpdir.js
2020-04-28 11:00:12,988 INFO 19248 [egg-schedule]: register schedule C:\Users\zhang\Desktop\egg\node_modules\_egg-logrotator@3.1.0@egg-logrotator\app\schedule\clean_log.js
2020-04-28 11:00:12,988 INFO 19248 [egg-schedule]: register schedule C:\Users\zhang\Desktop\egg\node_modules\_egg-logrotator@3.1.0@egg-logrotator\app\schedule\rotate_by_file.js
2020-04-28 11:00:28,170 INFO 7552 [egg-schedule]: register schedule C:\Users\zhang\Desktop\egg\node_modules\_egg-multipart@2.10.2@egg-multipart\app\schedule\clean_tmpdir.js
2020-04-28 11:00:28,170 INFO 7552 [egg-schedule]: register schedule C:\Users\zhang\Desktop\egg\node_modules\_egg-logrotator@3.1.0@egg-logrotator\app\schedule\clean_log.js
2020-04-28 11:00:28,170 INFO 7552 [egg-schedule]: register schedule C:\Users\zhang\Desktop\egg\node_modules\_egg-logrotator@3.1.0@egg-logrotator\app\schedule\rotate_by_file.js
2020-04-28 11:00:36,378 INFO 11300 [egg-schedule]: register schedule C:\Users\zhang\Desktop\egg\node_modules\_egg-multipart@2.10.2@egg-multipart\app\schedule\clean_tmpdir.js
2020-04-28 11:00:36,378 INFO 11300 [egg-schedule]: register schedule C:\Users\zhang\Desktop\egg\node_modules\_egg-logrotator@3.1.0@egg-logrotator\app\schedule\clean_log.js
2020-04-28 11:00:36,378 INFO 11300 [egg-schedule]: register schedule C:\Users\zhang\Desktop\egg\node_modules\_egg-logrotator@3.1.0@egg-logrotator\app\schedule\rotate_by_file.js
2020-04-28 11:03:38,475 INFO 8080 [egg-schedule]: register schedule C:\Users\zhang\Desktop\egg\node_modules\_egg-multipart@2.10.2@egg-multipart\app\schedule\clean_tmpdir.js
2020-04-28 11:03:38,475 INFO 8080 [egg-schedule]: register schedule C:\Users\zhang\Desktop\egg\node_modules\_egg-logrotator@3.1.0@egg-logrotator\app\schedule\clean_log.js
2020-04-28 11:03:38,475 INFO 8080 [egg-schedule]: register schedule C:\Users\zhang\Desktop\egg\node_modules\_egg-logrotator@3.1.0@egg-logrotator\app\schedule\rotate_by_file.js
2020-04-28 11:04:00,343 INFO 18480 [egg-schedule]: register schedule C:\Users\zhang\Desktop\egg\node_modules\_egg-multipart@2.10.2@egg-multipart\app\schedule\clean_tmpdir.js
2020-04-28 11:04:00,343 INFO 18480 [egg-schedule]: register schedule C:\Users\zhang\Desktop\egg\node_modules\_egg-logrotator@3.1.0@egg-logrotator\app\schedule\clean_log.js
2020-04-28 11:04:00,343 INFO 18480 [egg-schedule]: register schedule C:\Users\zhang\Desktop\egg\node_modules\_egg-logrotator@3.1.0@egg-logrotator\app\schedule\rotate_by_file.js
2020-04-28 11:04:06,722 INFO 16816 [egg-schedule]: register schedule C:\Users\zhang\Desktop\egg\node_modules\_egg-multipart@2.10.2@egg-multipart\app\schedule\clean_tmpdir.js
2020-04-28 11:04:06,722 INFO 16816 [egg-schedule]: register schedule C:\Users\zhang\Desktop\egg\node_modules\_egg-logrotator@3.1.0@egg-logrotator\app\schedule\clean_log.js
2020-04-28 11:04:06,722 INFO 16816 [egg-schedule]: register schedule C:\Users\zhang\Desktop\egg\node_modules\_egg-logrotator@3.1.0@egg-logrotator\app\schedule\rotate_by_file.js
2020-04-28 11:10:33,591 INFO 18020 [egg-schedule]: register schedule C:\Users\zhang\Desktop\egg\node_modules\_egg-multipart@2.10.2@egg-multipart\app\schedule\clean_tmpdir.js
2020-04-28 11:10:33,591 INFO 18020 [egg-schedule]: register schedule C:\Users\zhang\Desktop\egg\node_modules\_egg-logrotator@3.1.0@egg-logrotator\app\schedule\clean_log.js
2020-04-28 11:10:33,591 INFO 18020 [egg-schedule]: register schedule C:\Users\zhang\Desktop\egg\node_modules\_egg-logrotator@3.1.0@egg-logrotator\app\schedule\rotate_by_file.js
2020-04-28 11:11:22,287 INFO 19132 [egg-schedule]: register schedule C:\Users\zhang\Desktop\egg\node_modules\_egg-multipart@2.10.2@egg-multipart\app\schedule\clean_tmpdir.js
2020-04-28 11:11:22,287 INFO 19132 [egg-schedule]: register schedule C:\Users\zhang\Desktop\egg\node_modules\_egg-logrotator@3.1.0@egg-logrotator\app\schedule\clean_log.js
2020-04-28 11:11:22,287 INFO 19132 [egg-schedule]: register schedule C:\Users\zhang\Desktop\egg\node_modules\_egg-logrotator@3.1.0@egg-logrotator\app\schedule\rotate_by_file.js
2020-04-28 11:11:31,983 INFO 11252 [egg-schedule]: register schedule C:\Users\zhang\Desktop\egg\node_modules\_egg-multipart@2.10.2@egg-multipart\app\schedule\clean_tmpdir.js
2020-04-28 11:11:31,983 INFO 11252 [egg-schedule]: register schedule C:\Users\zhang\Desktop\egg\node_modules\_egg-logrotator@3.1.0@egg-logrotator\app\schedule\clean_log.js
2020-04-28 11:11:31,983 INFO 11252 [egg-schedule]: register schedule C:\Users\zhang\Desktop\egg\node_modules\_egg-logrotator@3.1.0@egg-logrotator\app\schedule\rotate_by_file.js
2020-04-28 11:17:08,648 INFO 17012 [egg-schedule]: register schedule C:\Users\zhang\Desktop\egg\node_modules\_egg-multipart@2.10.2@egg-multipart\app\schedule\clean_tmpdir.js
2020-04-28 11:17:08,648 INFO 17012 [egg-schedule]: register schedule C:\Users\zhang\Desktop\egg\node_modules\_egg-logrotator@3.1.0@egg-logrotator\app\schedule\clean_log.js
2020-04-28 11:17:08,648 INFO 17012 [egg-schedule]: register schedule C:\Users\zhang\Desktop\egg\node_modules\_egg-logrotator@3.1.0@egg-logrotator\app\schedule\rotate_by_file.js
2020-04-28 11:35:53,056 INFO 19412 [egg-schedule]: register schedule C:\Users\zhang\Desktop\egg\node_modules\_egg-multipart@2.10.2@egg-multipart\app\schedule\clean_tmpdir.js
2020-04-28 11:35:53,056 INFO 19412 [egg-schedule]: register schedule C:\Users\zhang\Desktop\egg\node_modules\_egg-logrotator@3.1.0@egg-logrotator\app\schedule\clean_log.js
2020-04-28 11:35:53,056 INFO 19412 [egg-schedule]: register schedule C:\Users\zhang\Desktop\egg\node_modules\_egg-logrotator@3.1.0@egg-logrotator\app\schedule\rotate_by_file.js
2020-04-28 11:36:15,649 INFO 16820 [egg-schedule]: register schedule C:\Users\zhang\Desktop\egg\node_modules\_egg-multipart@2.10.2@egg-multipart\app\schedule\clean_tmpdir.js
2020-04-28 11:36:15,649 INFO 16820 [egg-schedule]: register schedule C:\Users\zhang\Desktop\egg\node_modules\_egg-logrotator@3.1.0@egg-logrotator\app\schedule\clean_log.js
2020-04-28 11:36:15,649 INFO 16820 [egg-schedule]: register schedule C:\Users\zhang\Desktop\egg\node_modules\_egg-logrotator@3.1.0@egg-logrotator\app\schedule\rotate_by_file.js
2020-04-28 11:36:18,487 INFO 18160 [egg-schedule]: register schedule C:\Users\zhang\Desktop\egg\node_modules\_egg-multipart@2.10.2@egg-multipart\app\schedule\clean_tmpdir.js
2020-04-28 11:36:18,487 INFO 18160 [egg-schedule]: register schedule C:\Users\zhang\Desktop\egg\node_modules\_egg-logrotator@3.1.0@egg-logrotator\app\schedule\clean_log.js
2020-04-28 11:36:18,487 INFO 18160 [egg-schedule]: register schedule C:\Users\zhang\Desktop\egg\node_modules\_egg-logrotator@3.1.0@egg-logrotator\app\schedule\rotate_by_file.js
2020-04-28 11:37:30,532 INFO 10200 [egg-schedule]: register schedule C:\Users\zhang\Desktop\egg\node_modules\_egg-multipart@2.10.2@egg-multipart\app\schedule\clean_tmpdir.js
2020-04-28 11:37:30,532 INFO 10200 [egg-schedule]: register schedule C:\Users\zhang\Desktop\egg\node_modules\_egg-logrotator@3.1.0@egg-logrotator\app\schedule\clean_log.js
2020-04-28 11:37:30,532 INFO 10200 [egg-schedule]: register schedule C:\Users\zhang\Desktop\egg\node_modules\_egg-logrotator@3.1.0@egg-logrotator\app\schedule\rotate_by_file.js
2020-04-28 11:38:45,670 INFO 16572 [egg-schedule]: register schedule C:\Users\zhang\Desktop\egg\node_modules\_egg-multipart@2.10.2@egg-multipart\app\schedule\clean_tmpdir.js
2020-04-28 11:38:45,670 INFO 16572 [egg-schedule]: register schedule C:\Users\zhang\Desktop\egg\node_modules\_egg-logrotator@3.1.0@egg-logrotator\app\schedule\clean_log.js
2020-04-28 11:38:45,670 INFO 16572 [egg-schedule]: register schedule C:\Users\zhang\Desktop\egg\node_modules\_egg-logrotator@3.1.0@egg-logrotator\app\schedule\rotate_by_file.js
2020-04-28 11:39:26,403 INFO 11148 [egg-schedule]: register schedule C:\Users\zhang\Desktop\egg\node_modules\_egg-multipart@2.10.2@egg-multipart\app\schedule\clean_tmpdir.js
2020-04-28 11:39:26,403 INFO 11148 [egg-schedule]: register schedule C:\Users\zhang\Desktop\egg\node_modules\_egg-logrotator@3.1.0@egg-logrotator\app\schedule\clean_log.js
2020-04-28 11:39:26,403 INFO 11148 [egg-schedule]: register schedule C:\Users\zhang\Desktop\egg\node_modules\_egg-logrotator@3.1.0@egg-logrotator\app\schedule\rotate_by_file.js
2020-04-28 11:43:06,150 INFO 18784 [egg-schedule]: register schedule C:\Users\zhang\Desktop\egg\node_modules\_egg-multipart@2.10.2@egg-multipart\app\schedule\clean_tmpdir.js
2020-04-28 11:43:06,150 INFO 18784 [egg-schedule]: register schedule C:\Users\zhang\Desktop\egg\node_modules\_egg-logrotator@3.1.0@egg-logrotator\app\schedule\clean_log.js
2020-04-28 11:43:06,150 INFO 18784 [egg-schedule]: register schedule C:\Users\zhang\Desktop\egg\node_modules\_egg-logrotator@3.1.0@egg-logrotator\app\schedule\rotate_by_file.js
2020-04-28 11:43:09,657 INFO 6836 [egg-schedule]: register schedule C:\Users\zhang\Desktop\egg\node_modules\_egg-multipart@2.10.2@egg-multipart\app\schedule\clean_tmpdir.js
2020-04-28 11:43:09,657 INFO 6836 [egg-schedule]: register schedule C:\Users\zhang\Desktop\egg\node_modules\_egg-logrotator@3.1.0@egg-logrotator\app\schedule\clean_log.js
2020-04-28 11:43:09,657 INFO 6836 [egg-schedule]: register schedule C:\Users\zhang\Desktop\egg\node_modules\_egg-logrotator@3.1.0@egg-logrotator\app\schedule\rotate_by_file.js
2020-04-28 11:43:38,493 INFO 17752 [egg-schedule]: register schedule C:\Users\zhang\Desktop\egg\node_modules\_egg-multipart@2.10.2@egg-multipart\app\schedule\clean_tmpdir.js
2020-04-28 11:43:38,493 INFO 17752 [egg-schedule]: register schedule C:\Users\zhang\Desktop\egg\node_modules\_egg-logrotator@3.1.0@egg-logrotator\app\schedule\clean_log.js
2020-04-28 11:43:38,493 INFO 17752 [egg-schedule]: register schedule C:\Users\zhang\Desktop\egg\node_modules\_egg-logrotator@3.1.0@egg-logrotator\app\schedule\rotate_by_file.js
2020-04-28 11:43:41,316 INFO 6008 [egg-schedule]: register schedule C:\Users\zhang\Desktop\egg\node_modules\_egg-multipart@2.10.2@egg-multipart\app\schedule\clean_tmpdir.js
2020-04-28 11:43:41,316 INFO 6008 [egg-schedule]: register schedule C:\Users\zhang\Desktop\egg\node_modules\_egg-logrotator@3.1.0@egg-logrotator\app\schedule\clean_log.js
2020-04-28 11:43:41,316 INFO 6008 [egg-schedule]: register schedule C:\Users\zhang\Desktop\egg\node_modules\_egg-logrotator@3.1.0@egg-logrotator\app\schedule\rotate_by_file.js
2020-04-28 11:44:02,046 INFO 18796 [egg-schedule]: register schedule C:\Users\zhang\Desktop\egg\node_modules\_egg-multipart@2.10.2@egg-multipart\app\schedule\clean_tmpdir.js
2020-04-28 11:44:02,046 INFO 18796 [egg-schedule]: register schedule C:\Users\zhang\Desktop\egg\node_modules\_egg-logrotator@3.1.0@egg-logrotator\app\schedule\clean_log.js
2020-04-28 11:44:02,046 INFO 18796 [egg-schedule]: register schedule C:\Users\zhang\Desktop\egg\node_modules\_egg-logrotator@3.1.0@egg-logrotator\app\schedule\rotate_by_file.js
2020-04-28 11:44:43,630 INFO 3704 [egg-schedule]: register schedule C:\Users\zhang\Desktop\egg\node_modules\_egg-multipart@2.10.2@egg-multipart\app\schedule\clean_tmpdir.js
2020-04-28 11:44:43,630 INFO 3704 [egg-schedule]: register schedule C:\Users\zhang\Desktop\egg\node_modules\_egg-logrotator@3.1.0@egg-logrotator\app\schedule\clean_log.js
2020-04-28 11:44:43,630 INFO 3704 [egg-schedule]: register schedule C:\Users\zhang\Desktop\egg\node_modules\_egg-logrotator@3.1.0@egg-logrotator\app\schedule\rotate_by_file.js
2020-04-28 11:46:10,273 INFO 18196 [egg-schedule]: register schedule C:\Users\zhang\Desktop\egg\node_modules\_egg-multipart@2.10.2@egg-multipart\app\schedule\clean_tmpdir.js
2020-04-28 11:46:10,273 INFO 18196 [egg-schedule]: register schedule C:\Users\zhang\Desktop\egg\node_modules\_egg-logrotator@3.1.0@egg-logrotator\app\schedule\clean_log.js
2020-04-28 11:46:10,273 INFO 18196 [egg-schedule]: register schedule C:\Users\zhang\Desktop\egg\node_modules\_egg-logrotator@3.1.0@egg-logrotator\app\schedule\rotate_by_file.js
2020-04-28 11:46:22,382 INFO 19040 [egg-schedule]: register schedule C:\Users\zhang\Desktop\egg\node_modules\_egg-multipart@2.10.2@egg-multipart\app\schedule\clean_tmpdir.js
2020-04-28 11:46:22,382 INFO 19040 [egg-schedule]: register schedule C:\Users\zhang\Desktop\egg\node_modules\_egg-logrotator@3.1.0@egg-logrotator\app\schedule\clean_log.js
2020-04-28 11:46:22,382 INFO 19040 [egg-schedule]: register schedule C:\Users\zhang\Desktop\egg\node_modules\_egg-logrotator@3.1.0@egg-logrotator\app\schedule\rotate_by_file.js
2020-04-28 11:46:35,033 INFO 16532 [egg-schedule]: register schedule C:\Users\zhang\Desktop\egg\node_modules\_egg-multipart@2.10.2@egg-multipart\app\schedule\clean_tmpdir.js
2020-04-28 11:46:35,033 INFO 16532 [egg-schedule]: register schedule C:\Users\zhang\Desktop\egg\node_modules\_egg-logrotator@3.1.0@egg-logrotator\app\schedule\clean_log.js
2020-04-28 11:46:35,034 INFO 16532 [egg-schedule]: register schedule C:\Users\zhang\Desktop\egg\node_modules\_egg-logrotator@3.1.0@egg-logrotator\app\schedule\rotate_by_file.js
2020-04-28 11:46:44,063 INFO 8420 [egg-schedule]: register schedule C:\Users\zhang\Desktop\egg\node_modules\_egg-multipart@2.10.2@egg-multipart\app\schedule\clean_tmpdir.js
2020-04-28 11:46:44,063 INFO 8420 [egg-schedule]: register schedule C:\Users\zhang\Desktop\egg\node_modules\_egg-logrotator@3.1.0@egg-logrotator\app\schedule\clean_log.js
2020-04-28 11:46:44,063 INFO 8420 [egg-schedule]: register schedule C:\Users\zhang\Desktop\egg\node_modules\_egg-logrotator@3.1.0@egg-logrotator\app\schedule\rotate_by_file.js
2020-04-28 11:49:56,726 INFO 16328 [egg-schedule]: register schedule C:\Users\zhang\Desktop\egg\node_modules\_egg-multipart@2.10.2@egg-multipart\app\schedule\clean_tmpdir.js
2020-04-28 11:49:56,726 INFO 16328 [egg-schedule]: register schedule C:\Users\zhang\Desktop\egg\node_modules\_egg-logrotator@3.1.0@egg-logrotator\app\schedule\clean_log.js
2020-04-28 11:49:56,726 INFO 16328 [egg-schedule]: register schedule C:\Users\zhang\Desktop\egg\node_modules\_egg-logrotator@3.1.0@egg-logrotator\app\schedule\rotate_by_file.js
2020-04-28 11:50:15,445 INFO 18856 [egg-schedule]: register schedule C:\Users\zhang\Desktop\egg\node_modules\_egg-multipart@2.10.2@egg-multipart\app\schedule\clean_tmpdir.js
2020-04-28 11:50:15,445 INFO 18856 [egg-schedule]: register schedule C:\Users\zhang\Desktop\egg\node_modules\_egg-logrotator@3.1.0@egg-logrotator\app\schedule\clean_log.js
2020-04-28 11:50:15,445 INFO 18856 [egg-schedule]: register schedule C:\Users\zhang\Desktop\egg\node_modules\_egg-logrotator@3.1.0@egg-logrotator\app\schedule\rotate_by_file.js
2020-04-28 11:50:25,204 INFO 18284 [egg-schedule]: register schedule C:\Users\zhang\Desktop\egg\node_modules\_egg-multipart@2.10.2@egg-multipart\app\schedule\clean_tmpdir.js
2020-04-28 11:50:25,204 INFO 18284 [egg-schedule]: register schedule C:\Users\zhang\Desktop\egg\node_modules\_egg-logrotator@3.1.0@egg-logrotator\app\schedule\clean_log.js
2020-04-28 11:50:25,204 INFO 18284 [egg-schedule]: register schedule C:\Users\zhang\Desktop\egg\node_modules\_egg-logrotator@3.1.0@egg-logrotator\app\schedule\rotate_by_file.js
2020-04-28 11:50:51,765 INFO 12280 [egg-schedule]: register schedule C:\Users\zhang\Desktop\egg\node_modules\_egg-multipart@2.10.2@egg-multipart\app\schedule\clean_tmpdir.js
2020-04-28 11:50:51,766 INFO 12280 [egg-schedule]: register schedule C:\Users\zhang\Desktop\egg\node_modules\_egg-logrotator@3.1.0@egg-logrotator\app\schedule\clean_log.js
2020-04-28 11:50:51,766 INFO 12280 [egg-schedule]: register schedule C:\Users\zhang\Desktop\egg\node_modules\_egg-logrotator@3.1.0@egg-logrotator\app\schedule\rotate_by_file.js
2020-04-28 11:50:56,325 INFO 15556 [egg-schedule]: register schedule C:\Users\zhang\Desktop\egg\node_modules\_egg-multipart@2.10.2@egg-multipart\app\schedule\clean_tmpdir.js
2020-04-28 11:50:56,325 INFO 15556 [egg-schedule]: register schedule C:\Users\zhang\Desktop\egg\node_modules\_egg-logrotator@3.1.0@egg-logrotator\app\schedule\clean_log.js
2020-04-28 11:50:56,325 INFO 15556 [egg-schedule]: register schedule C:\Users\zhang\Desktop\egg\node_modules\_egg-logrotator@3.1.0@egg-logrotator\app\schedule\rotate_by_file.js
2020-04-28 11:52:46,242 INFO 14504 [egg-schedule]: register schedule C:\Users\zhang\Desktop\egg\node_modules\_egg-multipart@2.10.2@egg-multipart\app\schedule\clean_tmpdir.js
2020-04-28 11:52:46,242 INFO 14504 [egg-schedule]: register schedule C:\Users\zhang\Desktop\egg\node_modules\_egg-logrotator@3.1.0@egg-logrotator\app\schedule\clean_log.js
2020-04-28 11:52:46,242 INFO 14504 [egg-schedule]: register schedule C:\Users\zhang\Desktop\egg\node_modules\_egg-logrotator@3.1.0@egg-logrotator\app\schedule\rotate_by_file.js
2020-04-28 11:53:13,207 INFO 17924 [egg-schedule]: register schedule C:\Users\zhang\Desktop\egg\node_modules\_egg-multipart@2.10.2@egg-multipart\app\schedule\clean_tmpdir.js
2020-04-28 11:53:13,207 INFO 17924 [egg-schedule]: register schedule C:\Users\zhang\Desktop\egg\node_modules\_egg-logrotator@3.1.0@egg-logrotator\app\schedule\clean_log.js
2020-04-28 11:53:13,207 INFO 17924 [egg-schedule]: register schedule C:\Users\zhang\Desktop\egg\node_modules\_egg-logrotator@3.1.0@egg-logrotator\app\schedule\rotate_by_file.js
2020-04-28 11:54:08,698 INFO 17928 [egg-schedule]: register schedule C:\Users\zhang\Desktop\egg\node_modules\_egg-multipart@2.10.2@egg-multipart\app\schedule\clean_tmpdir.js
2020-04-28 11:54:08,698 INFO 17928 [egg-schedule]: register schedule C:\Users\zhang\Desktop\egg\node_modules\_egg-logrotator@3.1.0@egg-logrotator\app\schedule\clean_log.js
2020-04-28 11:54:08,698 INFO 17928 [egg-schedule]: register schedule C:\Users\zhang\Desktop\egg\node_modules\_egg-logrotator@3.1.0@egg-logrotator\app\schedule\rotate_by_file.js
2020-04-28 11:54:35,311 INFO 17900 [egg-schedule]: register schedule C:\Users\zhang\Desktop\egg\node_modules\_egg-multipart@2.10.2@egg-multipart\app\schedule\clean_tmpdir.js
2020-04-28 11:54:35,311 INFO 17900 [egg-schedule]: register schedule C:\Users\zhang\Desktop\egg\node_modules\_egg-logrotator@3.1.0@egg-logrotator\app\schedule\clean_log.js
2020-04-28 11:54:35,311 INFO 17900 [egg-schedule]: register schedule C:\Users\zhang\Desktop\egg\node_modules\_egg-logrotator@3.1.0@egg-logrotator\app\schedule\rotate_by_file.js
2020-04-28 11:54:53,066 INFO 14728 [egg-schedule]: register schedule C:\Users\zhang\Desktop\egg\node_modules\_egg-multipart@2.10.2@egg-multipart\app\schedule\clean_tmpdir.js
2020-04-28 11:54:53,067 INFO 14728 [egg-schedule]: register schedule C:\Users\zhang\Desktop\egg\node_modules\_egg-logrotator@3.1.0@egg-logrotator\app\schedule\clean_log.js
2020-04-28 11:54:53,067 INFO 14728 [egg-schedule]: register schedule C:\Users\zhang\Desktop\egg\node_modules\_egg-logrotator@3.1.0@egg-logrotator\app\schedule\rotate_by_file.js
2020-04-28 11:55:04,490 INFO 18852 [egg-schedule]: register schedule C:\Users\zhang\Desktop\egg\node_modules\_egg-multipart@2.10.2@egg-multipart\app\schedule\clean_tmpdir.js
2020-04-28 11:55:04,490 INFO 18852 [egg-schedule]: register schedule C:\Users\zhang\Desktop\egg\node_modules\_egg-logrotator@3.1.0@egg-logrotator\app\schedule\clean_log.js
2020-04-28 11:55:04,490 INFO 18852 [egg-schedule]: register schedule C:\Users\zhang\Desktop\egg\node_modules\_egg-logrotator@3.1.0@egg-logrotator\app\schedule\rotate_by_file.js
2020-04-28 11:55:14,392 INFO 16128 [egg-schedule]: register schedule C:\Users\zhang\Desktop\egg\node_modules\_egg-multipart@2.10.2@egg-multipart\app\schedule\clean_tmpdir.js
2020-04-28 11:55:14,392 INFO 16128 [egg-schedule]: register schedule C:\Users\zhang\Desktop\egg\node_modules\_egg-logrotator@3.1.0@egg-logrotator\app\schedule\clean_log.js
2020-04-28 11:55:14,392 INFO 16128 [egg-schedule]: register schedule C:\Users\zhang\Desktop\egg\node_modules\_egg-logrotator@3.1.0@egg-logrotator\app\schedule\rotate_by_file.js
2020-04-28 11:55:30,401 INFO 18372 [egg-schedule]: register schedule C:\Users\zhang\Desktop\egg\node_modules\_egg-multipart@2.10.2@egg-multipart\app\schedule\clean_tmpdir.js
2020-04-28 11:55:30,401 INFO 18372 [egg-schedule]: register schedule C:\Users\zhang\Desktop\egg\node_modules\_egg-logrotator@3.1.0@egg-logrotator\app\schedule\clean_log.js
2020-04-28 11:55:30,401 INFO 18372 [egg-schedule]: register schedule C:\Users\zhang\Desktop\egg\node_modules\_egg-logrotator@3.1.0@egg-logrotator\app\schedule\rotate_by_file.js
2020-04-28 11:57:36,506 INFO 4820 [egg-schedule]: register schedule C:\Users\zhang\Desktop\egg\node_modules\_egg-multipart@2.10.2@egg-multipart\app\schedule\clean_tmpdir.js
2020-04-28 11:57:36,506 INFO 4820 [egg-schedule]: register schedule C:\Users\zhang\Desktop\egg\node_modules\_egg-logrotator@3.1.0@egg-logrotator\app\schedule\clean_log.js
2020-04-28 11:57:36,506 INFO 4820 [egg-schedule]: register schedule C:\Users\zhang\Desktop\egg\node_modules\_egg-logrotator@3.1.0@egg-logrotator\app\schedule\rotate_by_file.js
2020-04-28 11:59:20,219 INFO 12732 [egg-schedule]: register schedule C:\Users\zhang\Desktop\egg\node_modules\_egg-multipart@2.10.2@egg-multipart\app\schedule\clean_tmpdir.js
2020-04-28 11:59:20,219 INFO 12732 [egg-schedule]: register schedule C:\Users\zhang\Desktop\egg\node_modules\_egg-logrotator@3.1.0@egg-logrotator\app\schedule\clean_log.js
2020-04-28 11:59:20,219 INFO 12732 [egg-schedule]: register schedule C:\Users\zhang\Desktop\egg\node_modules\_egg-logrotator@3.1.0@egg-logrotator\app\schedule\rotate_by_file.js
2020-04-28 12:00:08,612 INFO 2536 [egg-schedule]: register schedule C:\Users\zhang\Desktop\egg\node_modules\_egg-multipart@2.10.2@egg-multipart\app\schedule\clean_tmpdir.js
2020-04-28 12:00:08,612 INFO 2536 [egg-schedule]: register schedule C:\Users\zhang\Desktop\egg\node_modules\_egg-logrotator@3.1.0@egg-logrotator\app\schedule\clean_log.js
2020-04-28 12:00:08,612 INFO 2536 [egg-schedule]: register schedule C:\Users\zhang\Desktop\egg\node_modules\_egg-logrotator@3.1.0@egg-logrotator\app\schedule\rotate_by_file.js
2020-04-28 12:00:22,651 INFO 17776 [egg-schedule]: register schedule C:\Users\zhang\Desktop\egg\node_modules\_egg-multipart@2.10.2@egg-multipart\app\schedule\clean_tmpdir.js
2020-04-28 12:00:22,652 INFO 17776 [egg-schedule]: register schedule C:\Users\zhang\Desktop\egg\node_modules\_egg-logrotator@3.1.0@egg-logrotator\app\schedule\clean_log.js
2020-04-28 12:00:22,652 INFO 17776 [egg-schedule]: register schedule C:\Users\zhang\Desktop\egg\node_modules\_egg-logrotator@3.1.0@egg-logrotator\app\schedule\rotate_by_file.js
2020-04-28 12:14:36,884 INFO 2652 [egg-schedule]: register schedule C:\Users\zhang\Desktop\egg\node_modules\_egg-multipart@2.10.2@egg-multipart\app\schedule\clean_tmpdir.js
2020-04-28 12:14:36,884 INFO 2652 [egg-schedule]: register schedule C:\Users\zhang\Desktop\egg\node_modules\_egg-logrotator@3.1.0@egg-logrotator\app\schedule\clean_log.js
2020-04-28 12:14:36,884 INFO 2652 [egg-schedule]: register schedule C:\Users\zhang\Desktop\egg\node_modules\_egg-logrotator@3.1.0@egg-logrotator\app\schedule\rotate_by_file.js
2020-04-28 13:52:20,201 INFO 4440 [egg-schedule]: register schedule C:\Users\zhang\Desktop\egg\node_modules\_egg-multipart@2.10.2@egg-multipart\app\schedule\clean_tmpdir.js
2020-04-28 13:52:20,201 INFO 4440 [egg-schedule]: register schedule C:\Users\zhang\Desktop\egg\node_modules\_egg-logrotator@3.1.0@egg-logrotator\app\schedule\clean_log.js
2020-04-28 13:52:20,201 INFO 4440 [egg-schedule]: register schedule C:\Users\zhang\Desktop\egg\node_modules\_egg-logrotator@3.1.0@egg-logrotator\app\schedule\rotate_by_file.js
2020-04-28 13:52:42,585 INFO 13764 [egg-schedule]: register schedule C:\Users\zhang\Desktop\egg\node_modules\_egg-multipart@2.10.2@egg-multipart\app\schedule\clean_tmpdir.js
2020-04-28 13:52:42,585 INFO 13764 [egg-schedule]: register schedule C:\Users\zhang\Desktop\egg\node_modules\_egg-logrotator@3.1.0@egg-logrotator\app\schedule\clean_log.js
2020-04-28 13:52:42,585 INFO 13764 [egg-schedule]: register schedule C:\Users\zhang\Desktop\egg\node_modules\_egg-logrotator@3.1.0@egg-logrotator\app\schedule\rotate_by_file.js
2020-04-28 13:53:04,612 INFO 8020 [egg-schedule]: register schedule C:\Users\zhang\Desktop\egg\node_modules\_egg-multipart@2.10.2@egg-multipart\app\schedule\clean_tmpdir.js
2020-04-28 13:53:04,612 INFO 8020 [egg-schedule]: register schedule C:\Users\zhang\Desktop\egg\node_modules\_egg-logrotator@3.1.0@egg-logrotator\app\schedule\clean_log.js
2020-04-28 13:53:04,612 INFO 8020 [egg-schedule]: register schedule C:\Users\zhang\Desktop\egg\node_modules\_egg-logrotator@3.1.0@egg-logrotator\app\schedule\rotate_by_file.js
2020-04-28 13:53:15,913 INFO 14604 [egg-schedule]: register schedule C:\Users\zhang\Desktop\egg\node_modules\_egg-multipart@2.10.2@egg-multipart\app\schedule\clean_tmpdir.js
2020-04-28 13:53:15,913 INFO 14604 [egg-schedule]: register schedule C:\Users\zhang\Desktop\egg\node_modules\_egg-logrotator@3.1.0@egg-logrotator\app\schedule\clean_log.js
2020-04-28 13:53:15,913 INFO 14604 [egg-schedule]: register schedule C:\Users\zhang\Desktop\egg\node_modules\_egg-logrotator@3.1.0@egg-logrotator\app\schedule\rotate_by_file.js
2020-04-28 13:53:47,520 INFO 9336 [egg-schedule]: register schedule C:\Users\zhang\Desktop\egg\node_modules\_egg-multipart@2.10.2@egg-multipart\app\schedule\clean_tmpdir.js
2020-04-28 13:53:47,521 INFO 9336 [egg-schedule]: register schedule C:\Users\zhang\Desktop\egg\node_modules\_egg-logrotator@3.1.0@egg-logrotator\app\schedule\clean_log.js
2020-04-28 13:53:47,521 INFO 9336 [egg-schedule]: register schedule C:\Users\zhang\Desktop\egg\node_modules\_egg-logrotator@3.1.0@egg-logrotator\app\schedule\rotate_by_file.js
2020-04-28 13:54:41,369 INFO 12072 [egg-schedule]: register schedule C:\Users\zhang\Desktop\egg\node_modules\_egg-multipart@2.10.2@egg-multipart\app\schedule\clean_tmpdir.js
2020-04-28 13:54:41,370 INFO 12072 [egg-schedule]: register schedule C:\Users\zhang\Desktop\egg\node_modules\_egg-logrotator@3.1.0@egg-logrotator\app\schedule\clean_log.js
2020-04-28 13:54:41,370 INFO 12072 [egg-schedule]: register schedule C:\Users\zhang\Desktop\egg\node_modules\_egg-logrotator@3.1.0@egg-logrotator\app\schedule\rotate_by_file.js
2020-04-28 14:05:52,776 INFO 18900 [egg-schedule]: register schedule C:\Users\zhang\Desktop\egg\node_modules\_egg-multipart@2.10.2@egg-multipart\app\schedule\clean_tmpdir.js
2020-04-28 14:05:52,776 INFO 18900 [egg-schedule]: register schedule C:\Users\zhang\Desktop\egg\node_modules\_egg-logrotator@3.1.0@egg-logrotator\app\schedule\clean_log.js
2020-04-28 14:05:52,776 INFO 18900 [egg-schedule]: register schedule C:\Users\zhang\Desktop\egg\node_modules\_egg-logrotator@3.1.0@egg-logrotator\app\schedule\rotate_by_file.js
2020-04-28 14:06:36,412 INFO 16340 [egg-schedule]: register schedule C:\Users\zhang\Desktop\egg\node_modules\_egg-multipart@2.10.2@egg-multipart\app\schedule\clean_tmpdir.js
2020-04-28 14:06:36,412 INFO 16340 [egg-schedule]: register schedule C:\Users\zhang\Desktop\egg\node_modules\_egg-logrotator@3.1.0@egg-logrotator\app\schedule\clean_log.js
2020-04-28 14:06:36,412 INFO 16340 [egg-schedule]: register schedule C:\Users\zhang\Desktop\egg\node_modules\_egg-logrotator@3.1.0@egg-logrotator\app\schedule\rotate_by_file.js
2020-04-28 14:06:45,183 INFO 19308 [egg-schedule]: register schedule C:\Users\zhang\Desktop\egg\node_modules\_egg-multipart@2.10.2@egg-multipart\app\schedule\clean_tmpdir.js
2020-04-28 14:06:45,183 INFO 19308 [egg-schedule]: register schedule C:\Users\zhang\Desktop\egg\node_modules\_egg-logrotator@3.1.0@egg-logrotator\app\schedule\clean_log.js
2020-04-28 14:06:45,183 INFO 19308 [egg-schedule]: register schedule C:\Users\zhang\Desktop\egg\node_modules\_egg-logrotator@3.1.0@egg-logrotator\app\schedule\rotate_by_file.js
2020-04-28 14:07:01,008 INFO 16644 [egg-schedule]: register schedule C:\Users\zhang\Desktop\egg\node_modules\_egg-multipart@2.10.2@egg-multipart\app\schedule\clean_tmpdir.js
2020-04-28 14:07:01,008 INFO 16644 [egg-schedule]: register schedule C:\Users\zhang\Desktop\egg\node_modules\_egg-logrotator@3.1.0@egg-logrotator\app\schedule\clean_log.js
2020-04-28 14:07:01,008 INFO 16644 [egg-schedule]: register schedule C:\Users\zhang\Desktop\egg\node_modules\_egg-logrotator@3.1.0@egg-logrotator\app\schedule\rotate_by_file.js
2020-04-28 14:07:14,408 INFO 16108 [egg-schedule]: register schedule C:\Users\zhang\Desktop\egg\node_modules\_egg-multipart@2.10.2@egg-multipart\app\schedule\clean_tmpdir.js
2020-04-28 14:07:14,408 INFO 16108 [egg-schedule]: register schedule C:\Users\zhang\Desktop\egg\node_modules\_egg-logrotator@3.1.0@egg-logrotator\app\schedule\clean_log.js
2020-04-28 14:07:14,408 INFO 16108 [egg-schedule]: register schedule C:\Users\zhang\Desktop\egg\node_modules\_egg-logrotator@3.1.0@egg-logrotator\app\schedule\rotate_by_file.js
2020-04-28 14:17:56,064 INFO 18528 [egg-schedule]: register schedule C:\Users\zhang\Desktop\egg\node_modules\_egg-multipart@2.10.2@egg-multipart\app\schedule\clean_tmpdir.js
2020-04-28 14:17:56,064 INFO 18528 [egg-schedule]: register schedule C:\Users\zhang\Desktop\egg\node_modules\_egg-logrotator@3.1.0@egg-logrotator\app\schedule\clean_log.js
2020-04-28 14:17:56,064 INFO 18528 [egg-schedule]: register schedule C:\Users\zhang\Desktop\egg\node_modules\_egg-logrotator@3.1.0@egg-logrotator\app\schedule\rotate_by_file.js
2020-04-28 14:43:08,301 INFO 19292 [egg-schedule]: register schedule C:\Users\zhang\Desktop\egg\node_modules\_egg-multipart@2.10.2@egg-multipart\app\schedule\clean_tmpdir.js
2020-04-28 14:43:08,301 INFO 19292 [egg-schedule]: register schedule C:\Users\zhang\Desktop\egg\node_modules\_egg-logrotator@3.1.0@egg-logrotator\app\schedule\clean_log.js
2020-04-28 14:43:08,301 INFO 19292 [egg-schedule]: register schedule C:\Users\zhang\Desktop\egg\node_modules\_egg-logrotator@3.1.0@egg-logrotator\app\schedule\rotate_by_file.js
2020-04-28 14:43:15,026 INFO 17360 [egg-schedule]: register schedule C:\Users\zhang\Desktop\egg\node_modules\_egg-multipart@2.10.2@egg-multipart\app\schedule\clean_tmpdir.js
2020-04-28 14:43:15,026 INFO 17360 [egg-schedule]: register schedule C:\Users\zhang\Desktop\egg\node_modules\_egg-logrotator@3.1.0@egg-logrotator\app\schedule\clean_log.js
2020-04-28 14:43:15,026 INFO 17360 [egg-schedule]: register schedule C:\Users\zhang\Desktop\egg\node_modules\_egg-logrotator@3.1.0@egg-logrotator\app\schedule\rotate_by_file.js
2020-04-28 14:43:38,707 INFO 9160 [egg-schedule]: register schedule C:\Users\zhang\Desktop\egg\node_modules\_egg-multipart@2.10.2@egg-multipart\app\schedule\clean_tmpdir.js
2020-04-28 14:43:38,707 INFO 9160 [egg-schedule]: register schedule C:\Users\zhang\Desktop\egg\node_modules\_egg-logrotator@3.1.0@egg-logrotator\app\schedule\clean_log.js
2020-04-28 14:43:38,707 INFO 9160 [egg-schedule]: register schedule C:\Users\zhang\Desktop\egg\node_modules\_egg-logrotator@3.1.0@egg-logrotator\app\schedule\rotate_by_file.js
2020-04-28 14:43:40,778 INFO 14764 [egg-schedule]: register schedule C:\Users\zhang\Desktop\egg\node_modules\_egg-multipart@2.10.2@egg-multipart\app\schedule\clean_tmpdir.js
2020-04-28 14:43:40,778 INFO 14764 [egg-schedule]: register schedule C:\Users\zhang\Desktop\egg\node_modules\_egg-logrotator@3.1.0@egg-logrotator\app\schedule\clean_log.js
2020-04-28 14:43:40,778 INFO 14764 [egg-schedule]: register schedule C:\Users\zhang\Desktop\egg\node_modules\_egg-logrotator@3.1.0@egg-logrotator\app\schedule\rotate_by_file.js
2020-04-28 14:43:43,346 INFO 18332 [egg-schedule]: register schedule C:\Users\zhang\Desktop\egg\node_modules\_egg-multipart@2.10.2@egg-multipart\app\schedule\clean_tmpdir.js
2020-04-28 14:43:43,346 INFO 18332 [egg-schedule]: register schedule C:\Users\zhang\Desktop\egg\node_modules\_egg-logrotator@3.1.0@egg-logrotator\app\schedule\clean_log.js
2020-04-28 14:43:43,346 INFO 18332 [egg-schedule]: register schedule C:\Users\zhang\Desktop\egg\node_modules\_egg-logrotator@3.1.0@egg-logrotator\app\schedule\rotate_by_file.js
2020-04-28 14:45:25,939 INFO 18996 [egg-schedule]: register schedule C:\Users\zhang\Desktop\egg\node_modules\_egg-multipart@2.10.2@egg-multipart\app\schedule\clean_tmpdir.js
2020-04-28 14:45:25,939 INFO 18996 [egg-schedule]: register schedule C:\Users\zhang\Desktop\egg\node_modules\_egg-logrotator@3.1.0@egg-logrotator\app\schedule\clean_log.js
2020-04-28 14:45:25,939 INFO 18996 [egg-schedule]: register schedule C:\Users\zhang\Desktop\egg\node_modules\_egg-logrotator@3.1.0@egg-logrotator\app\schedule\rotate_by_file.js
2020-04-28 14:45:28,088 INFO 15844 [egg-schedule]: register schedule C:\Users\zhang\Desktop\egg\node_modules\_egg-multipart@2.10.2@egg-multipart\app\schedule\clean_tmpdir.js
2020-04-28 14:45:28,088 INFO 15844 [egg-schedule]: register schedule C:\Users\zhang\Desktop\egg\node_modules\_egg-logrotator@3.1.0@egg-logrotator\app\schedule\clean_log.js
2020-04-28 14:45:28,088 INFO 15844 [egg-schedule]: register schedule C:\Users\zhang\Desktop\egg\node_modules\_egg-logrotator@3.1.0@egg-logrotator\app\schedule\rotate_by_file.js
2020-04-28 14:45:53,841 INFO 17624 [egg-schedule]: register schedule C:\Users\zhang\Desktop\egg\node_modules\_egg-multipart@2.10.2@egg-multipart\app\schedule\clean_tmpdir.js
2020-04-28 14:45:53,841 INFO 17624 [egg-schedule]: register schedule C:\Users\zhang\Desktop\egg\node_modules\_egg-logrotator@3.1.0@egg-logrotator\app\schedule\clean_log.js
2020-04-28 14:45:53,841 INFO 17624 [egg-schedule]: register schedule C:\Users\zhang\Desktop\egg\node_modules\_egg-logrotator@3.1.0@egg-logrotator\app\schedule\rotate_by_file.js
2020-04-28 14:45:56,003 INFO 15976 [egg-schedule]: register schedule C:\Users\zhang\Desktop\egg\node_modules\_egg-multipart@2.10.2@egg-multipart\app\schedule\clean_tmpdir.js
2020-04-28 14:45:56,003 INFO 15976 [egg-schedule]: register schedule C:\Users\zhang\Desktop\egg\node_modules\_egg-logrotator@3.1.0@egg-logrotator\app\schedule\clean_log.js
2020-04-28 14:45:56,003 INFO 15976 [egg-schedule]: register schedule C:\Users\zhang\Desktop\egg\node_modules\_egg-logrotator@3.1.0@egg-logrotator\app\schedule\rotate_by_file.js
2020-04-28 14:46:08,660 INFO 16772 [egg-schedule]: register schedule C:\Users\zhang\Desktop\egg\node_modules\_egg-multipart@2.10.2@egg-multipart\app\schedule\clean_tmpdir.js
2020-04-28 14:46:08,660 INFO 16772 [egg-schedule]: register schedule C:\Users\zhang\Desktop\egg\node_modules\_egg-logrotator@3.1.0@egg-logrotator\app\schedule\clean_log.js
2020-04-28 14:46:08,660 INFO 16772 [egg-schedule]: register schedule C:\Users\zhang\Desktop\egg\node_modules\_egg-logrotator@3.1.0@egg-logrotator\app\schedule\rotate_by_file.js
2020-04-28 14:46:11,362 INFO 18856 [egg-schedule]: register schedule C:\Users\zhang\Desktop\egg\node_modules\_egg-multipart@2.10.2@egg-multipart\app\schedule\clean_tmpdir.js
2020-04-28 14:46:11,362 INFO 18856 [egg-schedule]: register schedule C:\Users\zhang\Desktop\egg\node_modules\_egg-logrotator@3.1.0@egg-logrotator\app\schedule\clean_log.js
2020-04-28 14:46:11,362 INFO 18856 [egg-schedule]: register schedule C:\Users\zhang\Desktop\egg\node_modules\_egg-logrotator@3.1.0@egg-logrotator\app\schedule\rotate_by_file.js
2020-04-28 14:47:37,576 INFO 11360 [egg-schedule]: register schedule C:\Users\zhang\Desktop\egg\node_modules\_egg-multipart@2.10.2@egg-multipart\app\schedule\clean_tmpdir.js
2020-04-28 14:47:37,576 INFO 11360 [egg-schedule]: register schedule C:\Users\zhang\Desktop\egg\node_modules\_egg-logrotator@3.1.0@egg-logrotator\app\schedule\clean_log.js
2020-04-28 14:47:37,577 INFO 11360 [egg-schedule]: register schedule C:\Users\zhang\Desktop\egg\node_modules\_egg-logrotator@3.1.0@egg-logrotator\app\schedule\rotate_by_file.js
2020-04-28 14:51:36,882 INFO 15816 [egg-schedule]: register schedule C:\Users\zhang\Desktop\egg\node_modules\_egg-multipart@2.10.2@egg-multipart\app\schedule\clean_tmpdir.js
2020-04-28 14:51:36,883 INFO 15816 [egg-schedule]: register schedule C:\Users\zhang\Desktop\egg\node_modules\_egg-logrotator@3.1.0@egg-logrotator\app\schedule\clean_log.js
2020-04-28 14:51:36,883 INFO 15816 [egg-schedule]: register schedule C:\Users\zhang\Desktop\egg\node_modules\_egg-logrotator@3.1.0@egg-logrotator\app\schedule\rotate_by_file.js
2020-04-28 14:51:39,276 INFO 7420 [egg-schedule]: register schedule C:\Users\zhang\Desktop\egg\node_modules\_egg-multipart@2.10.2@egg-multipart\app\schedule\clean_tmpdir.js
2020-04-28 14:51:39,276 INFO 7420 [egg-schedule]: register schedule C:\Users\zhang\Desktop\egg\node_modules\_egg-logrotator@3.1.0@egg-logrotator\app\schedule\clean_log.js
2020-04-28 14:51:39,276 INFO 7420 [egg-schedule]: register schedule C:\Users\zhang\Desktop\egg\node_modules\_egg-logrotator@3.1.0@egg-logrotator\app\schedule\rotate_by_file.js
